<?xml version="1.0" encoding="UTF-8"?>
<testsuite xmlns:xsi="http://www.w3.org/2001/XMLSchema-instance" xsi:noNamespaceSchemaLocation="https://maven.apache.org/surefire/maven-surefire-plugin/xsd/surefire-test-report-3.0.xsd" version="3.0" name="CounterTest" time="0.088" tests="1" errors="0" skipped="0" failures="1">
  <properties>
[...]
</properties>
  <testcase name="testWordCount" classname="CounterTest" time="0.073">
    <failure message="expected:&lt;	[5	C:\Users\izan3\AppData\Local\Temp\test7954128344138145938.txt]&#10;&gt; but was:&lt;	[6	C:\Users\izan3\AppData\Local\Temp\test7954128344138145938.txt&#13;]&#10;&gt;" type="org.junit.ComparisonFailure"><![CDATA[org.junit.ComparisonFailure: 
expected:<	[5	C:\Users\izan3\AppData\Local\Temp\test7954128344138145938.txt]
> but was:<	[6	C:\Users\izan3\AppData\Local\Temp\test7954128344138145938.txt]
>
	at org.junit.Assert.assertEquals(Assert.java:117)
	at org.junit.Assert.assertEquals(Assert.java:146)
	at CounterTest.testWordCount(CounterTest.java:39)
	at java.base/java.lang.reflect.Method.invoke(Method.java:580)
]]></failure>
  </testcase>
</testsuite>